d:\git\aurora3d\lua544\debug\vc141.pdb
d:\git\aurora3d\lua544\debug\vc141.idb
d:\git\aurora3d\lua544\debug\linit.obj
d:\git\aurora3d\lua544\debug\liolib.obj
d:\git\aurora3d\lua544\debug\llex.obj
d:\git\aurora3d\lua544\debug\lmathlib.obj
d:\git\aurora3d\lua544\debug\lmem.obj
d:\git\aurora3d\lua544\debug\loadlib.obj
d:\git\aurora3d\lua544\debug\lobject.obj
d:\git\aurora3d\lua544\debug\lopcodes.obj
d:\git\aurora3d\lua544\debug\loslib.obj
d:\git\aurora3d\lua544\debug\lparser.obj
d:\git\aurora3d\lua544\debug\lstate.obj
d:\git\aurora3d\lua544\debug\lstring.obj
d:\git\aurora3d\lua544\debug\lstrlib.obj
d:\git\aurora3d\lua544\debug\ltable.obj
d:\git\aurora3d\lua544\debug\ltablib.obj
d:\git\aurora3d\lua544\debug\ltm.obj
d:\git\aurora3d\lua544\debug\lundump.obj
d:\git\aurora3d\lua544\debug\lutf8lib.obj
d:\git\aurora3d\lua544\debug\lvm.obj
d:\git\aurora3d\lua544\debug\lzio.obj
d:\git\aurora3d\lua544\debug\lapi.obj
d:\git\aurora3d\lua544\debug\lauxlib.obj
d:\git\aurora3d\lua544\debug\lbaselib.obj
d:\git\aurora3d\lua544\debug\lbitlib.obj
d:\git\aurora3d\lua544\debug\lcode.obj
d:\git\aurora3d\lua544\debug\lcorolib.obj
d:\git\aurora3d\lua544\debug\lctype.obj
d:\git\aurora3d\lua544\debug\ldblib.obj
d:\git\aurora3d\lua544\debug\ldebug.obj
d:\git\aurora3d\lua544\debug\ldo.obj
d:\git\aurora3d\lua544\debug\ldump.obj
d:\git\aurora3d\lua544\debug\lfunc.obj
d:\git\aurora3d\lua544\debug\lgc.obj
d:\git\aurora3d\debug\lua544.pdb
d:\git\aurora3d\lua544\debug\lua544.tlog\cl.command.1.tlog
d:\git\aurora3d\lua544\debug\lua544.tlog\cl.read.1.tlog
d:\git\aurora3d\lua544\debug\lua544.tlog\cl.write.1.tlog
d:\git\aurora3d\lua544\debug\lua544.tlog\link-cvtres.read.1.tlog
d:\git\aurora3d\lua544\debug\lua544.tlog\link-cvtres.write.1.tlog
d:\git\aurora3d\lua544\debug\lua544.tlog\link-rc.read.1.tlog
d:\git\aurora3d\lua544\debug\lua544.tlog\link-rc.write.1.tlog
d:\git\aurora3d\lua544\debug\lua544.tlog\link.command.1.tlog
d:\git\aurora3d\lua544\debug\lua544.tlog\link.read.1.tlog
d:\git\aurora3d\lua544\debug\lua544.tlog\link.write.1.tlog
