d:\git\aurora3d\lua544\release\vc141.pdb
d:\git\aurora3d\lua544\release\lobject.obj
d:\git\aurora3d\lua544\release\loadlib.obj
d:\git\aurora3d\lua544\release\lmem.obj
d:\git\aurora3d\lua544\release\lmathlib.obj
d:\git\aurora3d\lua544\release\llex.obj
d:\git\aurora3d\lua544\release\liolib.obj
d:\git\aurora3d\lua544\release\linit.obj
d:\git\aurora3d\lua544\release\lgc.obj
d:\git\aurora3d\lua544\release\lfunc.obj
d:\git\aurora3d\lua544\release\ldump.obj
d:\git\aurora3d\lua544\release\ldo.obj
d:\git\aurora3d\lua544\release\ldebug.obj
d:\git\aurora3d\lua544\release\ldblib.obj
d:\git\aurora3d\lua544\release\lctype.obj
d:\git\aurora3d\lua544\release\lcorolib.obj
d:\git\aurora3d\lua544\release\lcode.obj
d:\git\aurora3d\lua544\release\lbitlib.obj
d:\git\aurora3d\lua544\release\lbaselib.obj
d:\git\aurora3d\lua544\release\lauxlib.obj
d:\git\aurora3d\lua544\release\lapi.obj
d:\git\aurora3d\lua544\release\lzio.obj
d:\git\aurora3d\lua544\release\lvm.obj
d:\git\aurora3d\lua544\release\lutf8lib.obj
d:\git\aurora3d\lua544\release\lundump.obj
d:\git\aurora3d\lua544\release\luac.obj
d:\git\aurora3d\lua544\release\lua.obj
d:\git\aurora3d\lua544\release\ltm.obj
d:\git\aurora3d\lua544\release\ltablib.obj
d:\git\aurora3d\lua544\release\ltable.obj
d:\git\aurora3d\lua544\release\lstrlib.obj
d:\git\aurora3d\lua544\release\lstring.obj
d:\git\aurora3d\lua544\release\lstate.obj
d:\git\aurora3d\lua544\release\lparser.obj
d:\git\aurora3d\lua544\release\loslib.obj
d:\git\aurora3d\lua544\release\lopcodes.obj
d:\git\aurora3d\lua544\release\lua544.tlog\cl.command.1.tlog
d:\git\aurora3d\lua544\release\lua544.tlog\cl.read.1.tlog
d:\git\aurora3d\lua544\release\lua544.tlog\cl.write.1.tlog
d:\git\aurora3d\lua544\release\lua544.tlog\link.command.1.tlog
d:\git\aurora3d\lua544\release\lua544.tlog\link.read.1.tlog
d:\git\aurora3d\lua544\release\lua544.tlog\link.write.1.tlog
